{"level":"info","message":"Database connected successfully","timestamp":"2025-06-07T05:37:53.696Z"}
{"level":"info","message":"Session table checked/initialized successfully","timestamp":"2025-06-07T05:37:53.805Z"}
{"level":"info","message":"Admin user(s) already exist, skipping default admin creation.","timestamp":"2025-06-07T05:37:53.847Z"}
{"level":"info","message":"Server running on port 3000","timestamp":"2025-06-07T05:37:53.932Z"}
{"level":"info","message":"Database connected successfully","timestamp":"2025-06-07T05:57:16.265Z"}
{"level":"info","message":"Session table checked/initialized successfully","timestamp":"2025-06-07T05:57:16.318Z"}
{"level":"info","message":"Admin user(s) already exist, skipping default admin creation.","timestamp":"2025-06-07T05:57:16.340Z"}
{"level":"info","message":"Server running on port 3000","timestamp":"2025-06-07T05:57:16.447Z"}
{"level":"info","message":"Database connected successfully","timestamp":"2025-06-07T05:57:24.215Z"}
{"level":"info","message":"Session table checked/initialized successfully","timestamp":"2025-06-07T05:57:24.239Z"}
{"level":"info","message":"Admin user(s) already exist, skipping default admin creation.","timestamp":"2025-06-07T05:57:24.249Z"}
{"level":"info","message":"Server running on port 3000","timestamp":"2025-06-07T05:57:24.287Z"}
{"level":"error","message":"Unhandled error: Not allowed by CORS","method":"GET","path":"/api/auth/status","stack":"Error: Not allowed by CORS\n    at origin (D:\\WebDevelopment\\AppDemo\\Backend\\server.js:43:16)\n    at D:\\WebDevelopment\\AppDemo\\Backend\\node_modules\\cors\\lib\\index.js:219:13\n    at optionsCallback (D:\\WebDevelopment\\AppDemo\\Backend\\node_modules\\cors\\lib\\index.js:199:9)\n    at corsMiddleware (D:\\WebDevelopment\\AppDemo\\Backend\\node_modules\\cors\\lib\\index.js:204:7)\n    at Layer.handle [as handle_request] (D:\\WebDevelopment\\AppDemo\\Backend\\node_modules\\express\\lib\\router\\layer.js:95:5)\n    at trim_prefix (D:\\WebDevelopment\\AppDemo\\Backend\\node_modules\\express\\lib\\router\\index.js:328:13)\n    at D:\\WebDevelopment\\AppDemo\\Backend\\node_modules\\express\\lib\\router\\index.js:286:9\n    at Function.process_params (D:\\WebDevelopment\\AppDemo\\Backend\\node_modules\\express\\lib\\router\\index.js:346:12)\n    at next (D:\\WebDevelopment\\AppDemo\\Backend\\node_modules\\express\\lib\\router\\index.js:280:10)\n    at expressInit (D:\\WebDevelopment\\AppDemo\\Backend\\node_modules\\express\\lib\\middleware\\init.js:40:5)","timestamp":"2025-06-07T05:57:52.315Z"}
{"level":"error","message":"Unhandled error: Not allowed by CORS","method":"GET","path":"/api/auth/status","stack":"Error: Not allowed by CORS\n    at origin (D:\\WebDevelopment\\AppDemo\\Backend\\server.js:43:16)\n    at D:\\WebDevelopment\\AppDemo\\Backend\\node_modules\\cors\\lib\\index.js:219:13\n    at optionsCallback (D:\\WebDevelopment\\AppDemo\\Backend\\node_modules\\cors\\lib\\index.js:199:9)\n    at corsMiddleware (D:\\WebDevelopment\\AppDemo\\Backend\\node_modules\\cors\\lib\\index.js:204:7)\n    at Layer.handle [as handle_request] (D:\\WebDevelopment\\AppDemo\\Backend\\node_modules\\express\\lib\\router\\layer.js:95:5)\n    at trim_prefix (D:\\WebDevelopment\\AppDemo\\Backend\\node_modules\\express\\lib\\router\\index.js:328:13)\n    at D:\\WebDevelopment\\AppDemo\\Backend\\node_modules\\express\\lib\\router\\index.js:286:9\n    at Function.process_params (D:\\WebDevelopment\\AppDemo\\Backend\\node_modules\\express\\lib\\router\\index.js:346:12)\n    at next (D:\\WebDevelopment\\AppDemo\\Backend\\node_modules\\express\\lib\\router\\index.js:280:10)\n    at expressInit (D:\\WebDevelopment\\AppDemo\\Backend\\node_modules\\express\\lib\\middleware\\init.js:40:5)","timestamp":"2025-06-07T05:58:52.298Z"}
{"level":"error","message":"Unhandled error: Not allowed by CORS","method":"GET","path":"/api/auth/status","stack":"Error: Not allowed by CORS\n    at origin (D:\\WebDevelopment\\AppDemo\\Backend\\server.js:43:16)\n    at D:\\WebDevelopment\\AppDemo\\Backend\\node_modules\\cors\\lib\\index.js:219:13\n    at optionsCallback (D:\\WebDevelopment\\AppDemo\\Backend\\node_modules\\cors\\lib\\index.js:199:9)\n    at corsMiddleware (D:\\WebDevelopment\\AppDemo\\Backend\\node_modules\\cors\\lib\\index.js:204:7)\n    at Layer.handle [as handle_request] (D:\\WebDevelopment\\AppDemo\\Backend\\node_modules\\express\\lib\\router\\layer.js:95:5)\n    at trim_prefix (D:\\WebDevelopment\\AppDemo\\Backend\\node_modules\\express\\lib\\router\\index.js:328:13)\n    at D:\\WebDevelopment\\AppDemo\\Backend\\node_modules\\express\\lib\\router\\index.js:286:9\n    at Function.process_params (D:\\WebDevelopment\\AppDemo\\Backend\\node_modules\\express\\lib\\router\\index.js:346:12)\n    at next (D:\\WebDevelopment\\AppDemo\\Backend\\node_modules\\express\\lib\\router\\index.js:280:10)\n    at expressInit (D:\\WebDevelopment\\AppDemo\\Backend\\node_modules\\express\\lib\\middleware\\init.js:40:5)","timestamp":"2025-06-07T05:59:52.304Z"}
{"level":"error","message":"Unhandled error: Not allowed by CORS","method":"GET","path":"/api/auth/status","stack":"Error: Not allowed by CORS\n    at origin (D:\\WebDevelopment\\AppDemo\\Backend\\server.js:43:16)\n    at D:\\WebDevelopment\\AppDemo\\Backend\\node_modules\\cors\\lib\\index.js:219:13\n    at optionsCallback (D:\\WebDevelopment\\AppDemo\\Backend\\node_modules\\cors\\lib\\index.js:199:9)\n    at corsMiddleware (D:\\WebDevelopment\\AppDemo\\Backend\\node_modules\\cors\\lib\\index.js:204:7)\n    at Layer.handle [as handle_request] (D:\\WebDevelopment\\AppDemo\\Backend\\node_modules\\express\\lib\\router\\layer.js:95:5)\n    at trim_prefix (D:\\WebDevelopment\\AppDemo\\Backend\\node_modules\\express\\lib\\router\\index.js:328:13)\n    at D:\\WebDevelopment\\AppDemo\\Backend\\node_modules\\express\\lib\\router\\index.js:286:9\n    at Function.process_params (D:\\WebDevelopment\\AppDemo\\Backend\\node_modules\\express\\lib\\router\\index.js:346:12)\n    at next (D:\\WebDevelopment\\AppDemo\\Backend\\node_modules\\express\\lib\\router\\index.js:280:10)\n    at expressInit (D:\\WebDevelopment\\AppDemo\\Backend\\node_modules\\express\\lib\\middleware\\init.js:40:5)","timestamp":"2025-06-07T06:00:31.342Z"}
{"level":"error","message":"Unhandled error: Not allowed by CORS","method":"GET","path":"/api/auth/status","stack":"Error: Not allowed by CORS\n    at origin (D:\\WebDevelopment\\AppDemo\\Backend\\server.js:43:16)\n    at D:\\WebDevelopment\\AppDemo\\Backend\\node_modules\\cors\\lib\\index.js:219:13\n    at optionsCallback (D:\\WebDevelopment\\AppDemo\\Backend\\node_modules\\cors\\lib\\index.js:199:9)\n    at corsMiddleware (D:\\WebDevelopment\\AppDemo\\Backend\\node_modules\\cors\\lib\\index.js:204:7)\n    at Layer.handle [as handle_request] (D:\\WebDevelopment\\AppDemo\\Backend\\node_modules\\express\\lib\\router\\layer.js:95:5)\n    at trim_prefix (D:\\WebDevelopment\\AppDemo\\Backend\\node_modules\\express\\lib\\router\\index.js:328:13)\n    at D:\\WebDevelopment\\AppDemo\\Backend\\node_modules\\express\\lib\\router\\index.js:286:9\n    at Function.process_params (D:\\WebDevelopment\\AppDemo\\Backend\\node_modules\\express\\lib\\router\\index.js:346:12)\n    at next (D:\\WebDevelopment\\AppDemo\\Backend\\node_modules\\express\\lib\\router\\index.js:280:10)\n    at expressInit (D:\\WebDevelopment\\AppDemo\\Backend\\node_modules\\express\\lib\\middleware\\init.js:40:5)","timestamp":"2025-06-07T06:01:02.305Z"}
{"level":"error","message":"Unhandled error: Not allowed by CORS","method":"GET","path":"/api/auth/status","stack":"Error: Not allowed by CORS\n    at origin (D:\\WebDevelopment\\AppDemo\\Backend\\server.js:43:16)\n    at D:\\WebDevelopment\\AppDemo\\Backend\\node_modules\\cors\\lib\\index.js:219:13\n    at optionsCallback (D:\\WebDevelopment\\AppDemo\\Backend\\node_modules\\cors\\lib\\index.js:199:9)\n    at corsMiddleware (D:\\WebDevelopment\\AppDemo\\Backend\\node_modules\\cors\\lib\\index.js:204:7)\n    at Layer.handle [as handle_request] (D:\\WebDevelopment\\AppDemo\\Backend\\node_modules\\express\\lib\\router\\layer.js:95:5)\n    at trim_prefix (D:\\WebDevelopment\\AppDemo\\Backend\\node_modules\\express\\lib\\router\\index.js:328:13)\n    at D:\\WebDevelopment\\AppDemo\\Backend\\node_modules\\express\\lib\\router\\index.js:286:9\n    at Function.process_params (D:\\WebDevelopment\\AppDemo\\Backend\\node_modules\\express\\lib\\router\\index.js:346:12)\n    at next (D:\\WebDevelopment\\AppDemo\\Backend\\node_modules\\express\\lib\\router\\index.js:280:10)\n    at expressInit (D:\\WebDevelopment\\AppDemo\\Backend\\node_modules\\express\\lib\\middleware\\init.js:40:5)","timestamp":"2025-06-07T06:01:32.300Z"}
{"level":"error","message":"Unhandled error: Not allowed by CORS","method":"GET","path":"/api/auth/status","stack":"Error: Not allowed by CORS\n    at origin (D:\\WebDevelopment\\AppDemo\\Backend\\server.js:43:16)\n    at D:\\WebDevelopment\\AppDemo\\Backend\\node_modules\\cors\\lib\\index.js:219:13\n    at optionsCallback (D:\\WebDevelopment\\AppDemo\\Backend\\node_modules\\cors\\lib\\index.js:199:9)\n    at corsMiddleware (D:\\WebDevelopment\\AppDemo\\Backend\\node_modules\\cors\\lib\\index.js:204:7)\n    at Layer.handle [as handle_request] (D:\\WebDevelopment\\AppDemo\\Backend\\node_modules\\express\\lib\\router\\layer.js:95:5)\n    at trim_prefix (D:\\WebDevelopment\\AppDemo\\Backend\\node_modules\\express\\lib\\router\\index.js:328:13)\n    at D:\\WebDevelopment\\AppDemo\\Backend\\node_modules\\express\\lib\\router\\index.js:286:9\n    at Function.process_params (D:\\WebDevelopment\\AppDemo\\Backend\\node_modules\\express\\lib\\router\\index.js:346:12)\n    at next (D:\\WebDevelopment\\AppDemo\\Backend\\node_modules\\express\\lib\\router\\index.js:280:10)\n    at expressInit (D:\\WebDevelopment\\AppDemo\\Backend\\node_modules\\express\\lib\\middleware\\init.js:40:5)","timestamp":"2025-06-07T06:01:42.314Z"}
{"level":"error","message":"Unhandled error: Not allowed by CORS","method":"GET","path":"/api/auth/status","stack":"Error: Not allowed by CORS\n    at origin (D:\\WebDevelopment\\AppDemo\\Backend\\server.js:43:16)\n    at D:\\WebDevelopment\\AppDemo\\Backend\\node_modules\\cors\\lib\\index.js:219:13\n    at optionsCallback (D:\\WebDevelopment\\AppDemo\\Backend\\node_modules\\cors\\lib\\index.js:199:9)\n    at corsMiddleware (D:\\WebDevelopment\\AppDemo\\Backend\\node_modules\\cors\\lib\\index.js:204:7)\n    at Layer.handle [as handle_request] (D:\\WebDevelopment\\AppDemo\\Backend\\node_modules\\express\\lib\\router\\layer.js:95:5)\n    at trim_prefix (D:\\WebDevelopment\\AppDemo\\Backend\\node_modules\\express\\lib\\router\\index.js:328:13)\n    at D:\\WebDevelopment\\AppDemo\\Backend\\node_modules\\express\\lib\\router\\index.js:286:9\n    at Function.process_params (D:\\WebDevelopment\\AppDemo\\Backend\\node_modules\\express\\lib\\router\\index.js:346:12)\n    at next (D:\\WebDevelopment\\AppDemo\\Backend\\node_modules\\express\\lib\\router\\index.js:280:10)\n    at expressInit (D:\\WebDevelopment\\AppDemo\\Backend\\node_modules\\express\\lib\\middleware\\init.js:40:5)","timestamp":"2025-06-07T06:02:13.314Z"}
{"level":"error","message":"Unhandled error: Not allowed by CORS","method":"GET","path":"/api/auth/status","stack":"Error: Not allowed by CORS\n    at origin (D:\\WebDevelopment\\AppDemo\\Backend\\server.js:43:16)\n    at D:\\WebDevelopment\\AppDemo\\Backend\\node_modules\\cors\\lib\\index.js:219:13\n    at optionsCallback (D:\\WebDevelopment\\AppDemo\\Backend\\node_modules\\cors\\lib\\index.js:199:9)\n    at corsMiddleware (D:\\WebDevelopment\\AppDemo\\Backend\\node_modules\\cors\\lib\\index.js:204:7)\n    at Layer.handle [as handle_request] (D:\\WebDevelopment\\AppDemo\\Backend\\node_modules\\express\\lib\\router\\layer.js:95:5)\n    at trim_prefix (D:\\WebDevelopment\\AppDemo\\Backend\\node_modules\\express\\lib\\router\\index.js:328:13)\n    at D:\\WebDevelopment\\AppDemo\\Backend\\node_modules\\express\\lib\\router\\index.js:286:9\n    at Function.process_params (D:\\WebDevelopment\\AppDemo\\Backend\\node_modules\\express\\lib\\router\\index.js:346:12)\n    at next (D:\\WebDevelopment\\AppDemo\\Backend\\node_modules\\express\\lib\\router\\index.js:280:10)\n    at expressInit (D:\\WebDevelopment\\AppDemo\\Backend\\node_modules\\express\\lib\\middleware\\init.js:40:5)","timestamp":"2025-06-07T06:02:43.314Z"}
{"level":"error","message":"Unhandled error: Not allowed by CORS","method":"GET","path":"/api/auth/status","stack":"Error: Not allowed by CORS\n    at origin (D:\\WebDevelopment\\AppDemo\\Backend\\server.js:43:16)\n    at D:\\WebDevelopment\\AppDemo\\Backend\\node_modules\\cors\\lib\\index.js:219:13\n    at optionsCallback (D:\\WebDevelopment\\AppDemo\\Backend\\node_modules\\cors\\lib\\index.js:199:9)\n    at corsMiddleware (D:\\WebDevelopment\\AppDemo\\Backend\\node_modules\\cors\\lib\\index.js:204:7)\n    at Layer.handle [as handle_request] (D:\\WebDevelopment\\AppDemo\\Backend\\node_modules\\express\\lib\\router\\layer.js:95:5)\n    at trim_prefix (D:\\WebDevelopment\\AppDemo\\Backend\\node_modules\\express\\lib\\router\\index.js:328:13)\n    at D:\\WebDevelopment\\AppDemo\\Backend\\node_modules\\express\\lib\\router\\index.js:286:9\n    at Function.process_params (D:\\WebDevelopment\\AppDemo\\Backend\\node_modules\\express\\lib\\router\\index.js:346:12)\n    at next (D:\\WebDevelopment\\AppDemo\\Backend\\node_modules\\express\\lib\\router\\index.js:280:10)\n    at expressInit (D:\\WebDevelopment\\AppDemo\\Backend\\node_modules\\express\\lib\\middleware\\init.js:40:5)","timestamp":"2025-06-07T06:02:58.323Z"}
{"level":"error","message":"Unhandled error: Not allowed by CORS","method":"GET","path":"/api/auth/status","stack":"Error: Not allowed by CORS\n    at origin (D:\\WebDevelopment\\AppDemo\\Backend\\server.js:43:16)\n    at D:\\WebDevelopment\\AppDemo\\Backend\\node_modules\\cors\\lib\\index.js:219:13\n    at optionsCallback (D:\\WebDevelopment\\AppDemo\\Backend\\node_modules\\cors\\lib\\index.js:199:9)\n    at corsMiddleware (D:\\WebDevelopment\\AppDemo\\Backend\\node_modules\\cors\\lib\\index.js:204:7)\n    at Layer.handle [as handle_request] (D:\\WebDevelopment\\AppDemo\\Backend\\node_modules\\express\\lib\\router\\layer.js:95:5)\n    at trim_prefix (D:\\WebDevelopment\\AppDemo\\Backend\\node_modules\\express\\lib\\router\\index.js:328:13)\n    at D:\\WebDevelopment\\AppDemo\\Backend\\node_modules\\express\\lib\\router\\index.js:286:9\n    at Function.process_params (D:\\WebDevelopment\\AppDemo\\Backend\\node_modules\\express\\lib\\router\\index.js:346:12)\n    at next (D:\\WebDevelopment\\AppDemo\\Backend\\node_modules\\express\\lib\\router\\index.js:280:10)\n    at expressInit (D:\\WebDevelopment\\AppDemo\\Backend\\node_modules\\express\\lib\\middleware\\init.js:40:5)","timestamp":"2025-06-07T06:03:29.302Z"}
{"level":"warn","message":"HTTPS credentials not found, falling back to HTTP:","timestamp":"2025-06-07T08:40:22.918Z"}
{"level":"info","message":"Database connected successfully","timestamp":"2025-06-07T08:40:23.044Z"}
{"level":"info","message":"Session table checked/initialized successfully","timestamp":"2025-06-07T08:40:23.153Z"}
{"level":"info","message":"Admin user(s) already exist, skipping default admin creation.","timestamp":"2025-06-07T08:40:23.197Z"}
{"level":"info","message":"Server running on http://0.0.0.0:3000","timestamp":"2025-06-07T08:40:23.331Z"}
{"level":"warn","message":"CORS blocked origin: http://localhost:8080","timestamp":"2025-06-07T08:40:38.837Z"}
{"level":"error","message":"Unhandled error: Not allowed by CORS","method":"GET","path":"/api/auth/status","stack":"Error: Not allowed by CORS\n    at origin (D:\\WebDevelopment\\AppDemo\\Backend\\server.js:50:16)\n    at D:\\WebDevelopment\\AppDemo\\Backend\\node_modules\\cors\\lib\\index.js:219:13\n    at optionsCallback (D:\\WebDevelopment\\AppDemo\\Backend\\node_modules\\cors\\lib\\index.js:199:9)\n    at corsMiddleware (D:\\WebDevelopment\\AppDemo\\Backend\\node_modules\\cors\\lib\\index.js:204:7)\n    at Layer.handle [as handle_request] (D:\\WebDevelopment\\AppDemo\\Backend\\node_modules\\express\\lib\\router\\layer.js:95:5)\n    at trim_prefix (D:\\WebDevelopment\\AppDemo\\Backend\\node_modules\\express\\lib\\router\\index.js:328:13)\n    at D:\\WebDevelopment\\AppDemo\\Backend\\node_modules\\express\\lib\\router\\index.js:286:9\n    at Function.process_params (D:\\WebDevelopment\\AppDemo\\Backend\\node_modules\\express\\lib\\router\\index.js:346:12)\n    at next (D:\\WebDevelopment\\AppDemo\\Backend\\node_modules\\express\\lib\\router\\index.js:280:10)\n    at expressInit (D:\\WebDevelopment\\AppDemo\\Backend\\node_modules\\express\\lib\\middleware\\init.js:40:5)","timestamp":"2025-06-07T08:40:38.840Z"}
{"level":"warn","message":"CORS blocked origin: http://localhost:8080","timestamp":"2025-06-07T08:41:09.000Z"}
{"level":"error","message":"Unhandled error: Not allowed by CORS","method":"GET","path":"/api/auth/status","stack":"Error: Not allowed by CORS\n    at origin (D:\\WebDevelopment\\AppDemo\\Backend\\server.js:50:16)\n    at D:\\WebDevelopment\\AppDemo\\Backend\\node_modules\\cors\\lib\\index.js:219:13\n    at optionsCallback (D:\\WebDevelopment\\AppDemo\\Backend\\node_modules\\cors\\lib\\index.js:199:9)\n    at corsMiddleware (D:\\WebDevelopment\\AppDemo\\Backend\\node_modules\\cors\\lib\\index.js:204:7)\n    at Layer.handle [as handle_request] (D:\\WebDevelopment\\AppDemo\\Backend\\node_modules\\express\\lib\\router\\layer.js:95:5)\n    at trim_prefix (D:\\WebDevelopment\\AppDemo\\Backend\\node_modules\\express\\lib\\router\\index.js:328:13)\n    at D:\\WebDevelopment\\AppDemo\\Backend\\node_modules\\express\\lib\\router\\index.js:286:9\n    at Function.process_params (D:\\WebDevelopment\\AppDemo\\Backend\\node_modules\\express\\lib\\router\\index.js:346:12)\n    at next (D:\\WebDevelopment\\AppDemo\\Backend\\node_modules\\express\\lib\\router\\index.js:280:10)\n    at expressInit (D:\\WebDevelopment\\AppDemo\\Backend\\node_modules\\express\\lib\\middleware\\init.js:40:5)","timestamp":"2025-06-07T08:41:09.002Z"}
{"level":"info","message":"Database connected successfully","timestamp":"2025-06-07T17:39:51.593Z"}
{"level":"info","message":"Session table checked/initialized successfully","timestamp":"2025-06-07T17:39:51.689Z"}
{"level":"info","message":"Admin user(s) already exist, skipping default admin creation.","timestamp":"2025-06-07T17:39:51.726Z"}
{"level":"info","message":"Server running on port 3000","timestamp":"2025-06-07T17:39:51.816Z"}
{"level":"info","message":"Database connected successfully","timestamp":"2025-06-07T17:48:19.447Z"}
{"level":"info","message":"Session table checked/initialized successfully","timestamp":"2025-06-07T17:48:19.465Z"}
{"level":"info","message":"Admin user(s) already exist, skipping default admin creation.","timestamp":"2025-06-07T17:48:19.479Z"}
{"level":"info","message":"Server running on port 3000","timestamp":"2025-06-07T17:48:19.510Z"}
{"level":"info","message":"Database connected successfully","timestamp":"2025-06-07T17:48:24.718Z"}
{"level":"info","message":"Session table checked/initialized successfully","timestamp":"2025-06-07T17:48:24.741Z"}
{"level":"info","message":"Admin user(s) already exist, skipping default admin creation.","timestamp":"2025-06-07T17:48:24.749Z"}
{"level":"info","message":"Server running on port 3000","timestamp":"2025-06-07T17:48:24.778Z"}
{"level":"warn","message":"HTTPS credentials not found, falling back to HTTP:","timestamp":"2025-06-07T17:51:48.577Z"}
{"level":"info","message":"Session table checked/initialized successfully","timestamp":"2025-06-07T17:51:48.663Z"}
{"level":"info","message":"Admin user(s) already exist, skipping default admin creation.","timestamp":"2025-06-07T17:51:48.673Z"}
{"level":"info","message":"Server running on http://0.0.0.0:3000","timestamp":"2025-06-07T17:51:48.705Z"}
{"level":"info","message":"Database connected successfully","timestamp":"2025-06-07T17:51:48.737Z"}
{"level":"warn","message":"HTTPS credentials not found, falling back to HTTP:","timestamp":"2025-06-07T17:54:10.214Z"}
{"level":"info","message":"Session table checked/initialized successfully","timestamp":"2025-06-07T17:54:10.294Z"}
{"level":"info","message":"Admin user(s) already exist, skipping default admin creation.","timestamp":"2025-06-07T17:54:10.303Z"}
{"level":"info","message":"Server running on http://0.0.0.0:3000","timestamp":"2025-06-07T17:54:10.339Z"}
{"level":"info","message":"Database connected successfully","timestamp":"2025-06-07T17:54:10.375Z"}
{"level":"warn","message":"HTTPS credentials not found, falling back to HTTP:","timestamp":"2025-06-07T17:54:13.501Z"}
{"level":"info","message":"Database connected successfully","timestamp":"2025-06-07T17:54:13.564Z"}
{"level":"info","message":"Session table checked/initialized successfully","timestamp":"2025-06-07T17:54:13.681Z"}
{"level":"info","message":"Admin user(s) already exist, skipping default admin creation.","timestamp":"2025-06-07T17:54:13.689Z"}
{"level":"info","message":"Server running on http://0.0.0.0:3000","timestamp":"2025-06-07T17:54:13.717Z"}
{"level":"warn","message":"HTTPS credentials not found, falling back to HTTP:","timestamp":"2025-06-07T18:04:33.021Z"}
{"level":"info","message":"Database connected successfully","timestamp":"2025-06-07T18:04:33.184Z"}
{"level":"info","message":"Session table checked/initialized successfully","timestamp":"2025-06-07T18:04:33.196Z"}
{"level":"info","message":"Admin user(s) already exist, skipping default admin creation.","timestamp":"2025-06-07T18:04:33.204Z"}
{"level":"info","message":"Server running on http://0.0.0.0:3000","timestamp":"2025-06-07T18:04:33.230Z"}
{"level":"warn","message":"HTTPS credentials not found, falling back to HTTP:","timestamp":"2025-06-08T21:00:01.216Z"}
{"level":"info","message":"Database connected successfully","timestamp":"2025-06-08T21:00:01.540Z"}
{"level":"info","message":"Session table checked/initialized successfully","timestamp":"2025-06-08T21:00:01.933Z"}
{"level":"info","message":"Admin user(s) already exist, skipping default admin creation.","timestamp":"2025-06-08T21:00:02.296Z"}
{"level":"info","message":"Server running on http://0.0.0.0:3000","timestamp":"2025-06-08T21:00:02.409Z"}
{"level":"warn","message":"CORS blocked origin: http://localhost:8080","timestamp":"2025-06-08T21:00:06.699Z"}
{"level":"error","message":"Unhandled error: Not allowed by CORS","method":"GET","path":"/api/auth/status","stack":"Error: Not allowed by CORS\n    at origin (D:\\WebDevelopment\\LbLibrary\\Backend\\server.js:50:16)\n    at D:\\WebDevelopment\\LbLibrary\\Backend\\node_modules\\cors\\lib\\index.js:219:13\n    at optionsCallback (D:\\WebDevelopment\\LbLibrary\\Backend\\node_modules\\cors\\lib\\index.js:199:9)\n    at corsMiddleware (D:\\WebDevelopment\\LbLibrary\\Backend\\node_modules\\cors\\lib\\index.js:204:7)\n    at Layer.handle [as handle_request] (D:\\WebDevelopment\\LbLibrary\\Backend\\node_modules\\express\\lib\\router\\layer.js:95:5)\n    at trim_prefix (D:\\WebDevelopment\\LbLibrary\\Backend\\node_modules\\express\\lib\\router\\index.js:328:13)\n    at D:\\WebDevelopment\\LbLibrary\\Backend\\node_modules\\express\\lib\\router\\index.js:286:9\n    at Function.process_params (D:\\WebDevelopment\\LbLibrary\\Backend\\node_modules\\express\\lib\\router\\index.js:346:12)\n    at next (D:\\WebDevelopment\\LbLibrary\\Backend\\node_modules\\express\\lib\\router\\index.js:280:10)\n    at expressInit (D:\\WebDevelopment\\LbLibrary\\Backend\\node_modules\\express\\lib\\middleware\\init.js:40:5)","timestamp":"2025-06-08T21:00:06.718Z"}
{"level":"warn","message":"CORS blocked origin: http://localhost:8080","timestamp":"2025-06-08T21:00:10.288Z"}
{"level":"error","message":"Unhandled error: Not allowed by CORS","method":"GET","path":"/api/auth/status","stack":"Error: Not allowed by CORS\n    at origin (D:\\WebDevelopment\\LbLibrary\\Backend\\server.js:50:16)\n    at D:\\WebDevelopment\\LbLibrary\\Backend\\node_modules\\cors\\lib\\index.js:219:13\n    at optionsCallback (D:\\WebDevelopment\\LbLibrary\\Backend\\node_modules\\cors\\lib\\index.js:199:9)\n    at corsMiddleware (D:\\WebDevelopment\\LbLibrary\\Backend\\node_modules\\cors\\lib\\index.js:204:7)\n    at Layer.handle [as handle_request] (D:\\WebDevelopment\\LbLibrary\\Backend\\node_modules\\express\\lib\\router\\layer.js:95:5)\n    at trim_prefix (D:\\WebDevelopment\\LbLibrary\\Backend\\node_modules\\express\\lib\\router\\index.js:328:13)\n    at D:\\WebDevelopment\\LbLibrary\\Backend\\node_modules\\express\\lib\\router\\index.js:286:9\n    at Function.process_params (D:\\WebDevelopment\\LbLibrary\\Backend\\node_modules\\express\\lib\\router\\index.js:346:12)\n    at next (D:\\WebDevelopment\\LbLibrary\\Backend\\node_modules\\express\\lib\\router\\index.js:280:10)\n    at expressInit (D:\\WebDevelopment\\LbLibrary\\Backend\\node_modules\\express\\lib\\middleware\\init.js:40:5)","timestamp":"2025-06-08T21:00:10.291Z"}
{"level":"warn","message":"CORS blocked origin: http://localhost:8080","timestamp":"2025-06-08T21:00:41.005Z"}
{"level":"error","message":"Unhandled error: Not allowed by CORS","method":"GET","path":"/api/auth/status","stack":"Error: Not allowed by CORS\n    at origin (D:\\WebDevelopment\\LbLibrary\\Backend\\server.js:50:16)\n    at D:\\WebDevelopment\\LbLibrary\\Backend\\node_modules\\cors\\lib\\index.js:219:13\n    at optionsCallback (D:\\WebDevelopment\\LbLibrary\\Backend\\node_modules\\cors\\lib\\index.js:199:9)\n    at corsMiddleware (D:\\WebDevelopment\\LbLibrary\\Backend\\node_modules\\cors\\lib\\index.js:204:7)\n    at Layer.handle [as handle_request] (D:\\WebDevelopment\\LbLibrary\\Backend\\node_modules\\express\\lib\\router\\layer.js:95:5)\n    at trim_prefix (D:\\WebDevelopment\\LbLibrary\\Backend\\node_modules\\express\\lib\\router\\index.js:328:13)\n    at D:\\WebDevelopment\\LbLibrary\\Backend\\node_modules\\express\\lib\\router\\index.js:286:9\n    at Function.process_params (D:\\WebDevelopment\\LbLibrary\\Backend\\node_modules\\express\\lib\\router\\index.js:346:12)\n    at next (D:\\WebDevelopment\\LbLibrary\\Backend\\node_modules\\express\\lib\\router\\index.js:280:10)\n    at expressInit (D:\\WebDevelopment\\LbLibrary\\Backend\\node_modules\\express\\lib\\middleware\\init.js:40:5)","timestamp":"2025-06-08T21:00:41.007Z"}
{"level":"info","message":"Database connected successfully","timestamp":"2025-06-08T21:00:58.839Z"}
{"level":"info","message":"Session table checked/initialized successfully","timestamp":"2025-06-08T21:00:58.860Z"}
{"level":"info","message":"Admin user(s) already exist, skipping default admin creation.","timestamp":"2025-06-08T21:00:58.873Z"}
{"level":"info","message":"Server running on port 3000","timestamp":"2025-06-08T21:00:58.920Z"}
{"level":"info","message":"Database connected successfully","timestamp":"2025-06-08T21:02:50.000Z"}
{"level":"info","message":"Session table checked/initialized successfully","timestamp":"2025-06-08T21:02:50.015Z"}
{"level":"info","message":"Admin user(s) already exist, skipping default admin creation.","timestamp":"2025-06-08T21:02:50.023Z"}
{"level":"info","message":"Server running on port 3000","timestamp":"2025-06-08T21:02:50.055Z"}
{"level":"info","message":"Database connected successfully","timestamp":"2025-06-08T21:02:59.346Z"}
{"level":"info","message":"Session table checked/initialized successfully","timestamp":"2025-06-08T21:02:59.361Z"}
{"level":"info","message":"Admin user(s) already exist, skipping default admin creation.","timestamp":"2025-06-08T21:02:59.369Z"}
{"level":"info","message":"Server running on port 3000","timestamp":"2025-06-08T21:02:59.398Z"}
{"level":"info","message":"Database connected successfully","timestamp":"2025-06-08T21:07:01.455Z"}
{"level":"info","message":"Session table checked/initialized successfully","timestamp":"2025-06-08T21:07:01.476Z"}
{"level":"info","message":"Admin user(s) already exist, skipping default admin creation.","timestamp":"2025-06-08T21:07:01.486Z"}
{"level":"info","message":"Server running on port 3000","timestamp":"2025-06-08T21:07:01.527Z"}
{"level":"info","message":"Database connected successfully","timestamp":"2025-06-08T21:28:45.405Z"}
{"level":"info","message":"Session table checked/initialized successfully","timestamp":"2025-06-08T21:28:45.420Z"}
{"level":"info","message":"Admin user(s) already exist, skipping default admin creation.","timestamp":"2025-06-08T21:28:45.428Z"}
{"level":"info","message":"Server running on port 3000","timestamp":"2025-06-08T21:28:45.458Z"}
{"level":"info","message":"Database connected successfully","timestamp":"2025-06-09T17:54:33.775Z"}
{"level":"info","message":"Session table checked/initialized successfully","timestamp":"2025-06-09T17:54:33.779Z"}
{"level":"info","message":"Admin user(s) already exist, skipping default admin creation.","timestamp":"2025-06-09T17:54:33.810Z"}
{"level":"info","message":"Server running on port 3000","timestamp":"2025-06-09T17:54:33.902Z"}
{"level":"info","message":"Database connected successfully","timestamp":"2025-06-09T18:12:40.870Z"}
{"level":"info","message":"Session table checked/initialized successfully","timestamp":"2025-06-09T18:12:40.915Z"}
{"level":"info","message":"Admin user(s) already exist, skipping default admin creation.","timestamp":"2025-06-09T18:12:40.931Z"}
{"level":"info","message":"Server running on port 3000","timestamp":"2025-06-09T18:12:41.007Z"}
{"level":"info","message":"Database connected successfully","timestamp":"2025-06-09T18:49:12.452Z"}
{"level":"info","message":"Session table checked/initialized successfully","timestamp":"2025-06-09T18:49:12.493Z"}
{"level":"info","message":"Admin user(s) already exist, skipping default admin creation.","timestamp":"2025-06-09T18:49:12.506Z"}
{"level":"info","message":"Server running on port 3000","timestamp":"2025-06-09T18:49:12.588Z"}
{"level":"info","message":"Session table checked/initialized successfully","timestamp":"2025-06-09T18:55:07.506Z"}
{"level":"info","message":"Admin user(s) already exist, skipping default admin creation.","timestamp":"2025-06-09T18:55:07.518Z"}
{"level":"info","message":"Server running on port 3000","timestamp":"2025-06-09T18:55:07.544Z"}
{"level":"info","message":"Database connected successfully","timestamp":"2025-06-09T18:55:07.589Z"}
{"level":"info","message":"Database connected successfully","timestamp":"2025-06-10T03:42:38.545Z"}
{"level":"info","message":"Session table checked/initialized successfully","timestamp":"2025-06-10T03:42:38.653Z"}
{"level":"info","message":"Admin user(s) already exist, skipping default admin creation.","timestamp":"2025-06-10T03:42:38.693Z"}
{"level":"info","message":"Server running on port 3000","timestamp":"2025-06-10T03:42:38.792Z"}
{"level":"info","message":"Database connected successfully","timestamp":"2025-06-10T04:09:39.094Z"}
{"level":"info","message":"Session table checked/initialized successfully","timestamp":"2025-06-10T04:09:39.136Z"}
{"level":"info","message":"Admin user(s) already exist, skipping default admin creation.","timestamp":"2025-06-10T04:09:39.156Z"}
{"level":"info","message":"Server running on port 3000","timestamp":"2025-06-10T04:09:39.216Z"}
{"level":"info","message":"Database connected successfully","timestamp":"2025-06-10T04:30:52.350Z"}
{"level":"info","message":"Session table checked/initialized successfully","timestamp":"2025-06-10T04:30:52.412Z"}
{"level":"info","message":"Admin user(s) already exist, skipping default admin creation.","timestamp":"2025-06-10T04:30:52.434Z"}
{"level":"info","message":"Server running on port 3000","timestamp":"2025-06-10T04:30:52.485Z"}
{"level":"info","message":"Database connected successfully","timestamp":"2025-06-10T04:34:35.062Z"}
{"level":"info","message":"Session table checked/initialized successfully","timestamp":"2025-06-10T04:34:35.099Z"}
{"level":"info","message":"Admin user(s) already exist, skipping default admin creation.","timestamp":"2025-06-10T04:34:35.112Z"}
{"level":"info","message":"Server running on port 3000","timestamp":"2025-06-10T04:34:35.166Z"}
{"level":"info","message":"Database connected successfully","timestamp":"2025-06-10T04:34:38.568Z"}
{"level":"info","message":"Session table checked/initialized successfully","timestamp":"2025-06-10T04:34:38.598Z"}
{"level":"info","message":"Admin user(s) already exist, skipping default admin creation.","timestamp":"2025-06-10T04:34:38.611Z"}
{"level":"info","message":"Server running on port 3000","timestamp":"2025-06-10T04:34:38.666Z"}
{"level":"info","message":"Database connected successfully","timestamp":"2025-06-10T04:49:39.841Z"}
{"level":"info","message":"Session table checked/initialized successfully","timestamp":"2025-06-10T04:49:39.902Z"}
{"level":"info","message":"Admin user(s) already exist, skipping default admin creation.","timestamp":"2025-06-10T04:49:39.922Z"}
{"level":"info","message":"Server running on port 3000","timestamp":"2025-06-10T04:49:39.970Z"}
{"level":"info","message":"Database connected successfully","timestamp":"2025-06-11T04:11:01.064Z"}
{"level":"info","message":"Session table checked/initialized successfully","timestamp":"2025-06-11T04:11:01.183Z"}
{"level":"info","message":"Admin user(s) already exist, skipping default admin creation.","timestamp":"2025-06-11T04:11:01.225Z"}
{"level":"info","message":"Server running on port 3000","timestamp":"2025-06-11T04:11:01.354Z"}
{"level":"info","message":"Database connected successfully","timestamp":"2025-06-11T05:21:16.817Z"}
{"level":"info","message":"Session table checked/initialized successfully","timestamp":"2025-06-11T05:21:16.847Z"}
{"level":"info","message":"Admin user(s) already exist, skipping default admin creation.","timestamp":"2025-06-11T05:21:16.865Z"}
{"level":"info","message":"Server running on port 3000","timestamp":"2025-06-11T05:21:16.908Z"}
{"level":"info","message":"Database connected successfully","timestamp":"2025-06-11T05:22:50.358Z"}
{"level":"info","message":"Session table checked/initialized successfully","timestamp":"2025-06-11T05:22:50.381Z"}
{"level":"info","message":"Admin user(s) already exist, skipping default admin creation.","timestamp":"2025-06-11T05:22:50.393Z"}
{"level":"info","message":"Server running on port 3000","timestamp":"2025-06-11T05:22:50.430Z"}
{"level":"info","message":"Database connected successfully","timestamp":"2025-06-11T05:23:17.203Z"}
{"level":"info","message":"Session table checked/initialized successfully","timestamp":"2025-06-11T05:23:17.235Z"}
{"level":"info","message":"Admin user(s) already exist, skipping default admin creation.","timestamp":"2025-06-11T05:23:17.248Z"}
{"level":"info","message":"Server running on port 3000","timestamp":"2025-06-11T05:23:17.284Z"}
{"level":"info","message":"Session table checked/initialized successfully","timestamp":"2025-06-11T05:36:43.110Z"}
{"level":"info","message":"Admin user(s) already exist, skipping default admin creation.","timestamp":"2025-06-11T05:36:43.128Z"}
{"level":"info","message":"Server running on port 3000","timestamp":"2025-06-11T05:36:43.160Z"}
{"level":"info","message":"Database connected successfully","timestamp":"2025-06-11T05:36:43.170Z"}
{"level":"info","message":"Database connected successfully","timestamp":"2025-06-11T05:54:53.418Z"}
{"level":"info","message":"Session table checked/initialized successfully","timestamp":"2025-06-11T05:54:53.434Z"}
{"level":"info","message":"Admin user(s) already exist, skipping default admin creation.","timestamp":"2025-06-11T05:54:53.442Z"}
{"level":"info","message":"Server running on port 3000","timestamp":"2025-06-11T05:54:53.471Z"}
{"level":"info","message":"Database connected successfully","timestamp":"2025-06-11T06:00:02.750Z"}
{"level":"info","message":"Session table checked/initialized successfully","timestamp":"2025-06-11T06:00:02.765Z"}
{"level":"info","message":"Admin user(s) already exist, skipping default admin creation.","timestamp":"2025-06-11T06:00:02.774Z"}
{"level":"info","message":"Server running on port 3000","timestamp":"2025-06-11T06:00:02.801Z"}
{"level":"info","message":"Database connected successfully","timestamp":"2025-06-11T06:02:32.875Z"}
{"level":"info","message":"Session table checked/initialized successfully","timestamp":"2025-06-11T06:02:32.891Z"}
{"level":"info","message":"Admin user(s) already exist, skipping default admin creation.","timestamp":"2025-06-11T06:02:32.898Z"}
{"level":"info","message":"Server running on port 3000","timestamp":"2025-06-11T06:02:32.924Z"}
{"level":"info","message":"Database connected successfully","timestamp":"2025-06-11T07:26:32.742Z"}
{"level":"info","message":"Session table checked/initialized successfully","timestamp":"2025-06-11T07:26:32.863Z"}
{"level":"info","message":"Admin user(s) already exist, skipping default admin creation.","timestamp":"2025-06-11T07:26:32.907Z"}
{"level":"info","message":"Server running on port 3000","timestamp":"2025-06-11T07:26:33.040Z"}
{"level":"info","message":"Database connected successfully","timestamp":"2025-06-11T08:15:16.590Z"}
{"level":"info","message":"Session table checked/initialized successfully","timestamp":"2025-06-11T08:15:16.720Z"}
{"level":"info","message":"Admin user(s) already exist, skipping default admin creation.","timestamp":"2025-06-11T08:15:16.769Z"}
{"level":"info","message":"Server running on port 3000","timestamp":"2025-06-11T08:15:16.903Z"}
{"level":"info","message":"Database connected successfully","timestamp":"2025-06-11T10:27:31.877Z"}
{"level":"info","message":"Session table checked/initialized successfully","timestamp":"2025-06-11T10:27:31.954Z"}
{"level":"info","message":"Admin user(s) already exist, skipping default admin creation.","timestamp":"2025-06-11T10:27:31.985Z"}
{"level":"info","message":"Server running on port 3000","timestamp":"2025-06-11T10:27:32.078Z"}
{"level":"info","message":"Database connected successfully","timestamp":"2025-06-11T10:36:28.473Z"}
{"level":"info","message":"Session table checked/initialized successfully","timestamp":"2025-06-11T10:36:28.496Z"}
{"level":"info","message":"Admin user(s) already exist, skipping default admin creation.","timestamp":"2025-06-11T10:36:28.508Z"}
{"level":"info","message":"Server running on port 3000","timestamp":"2025-06-11T10:36:28.556Z"}
{"level":"info","message":"Database connected successfully","timestamp":"2025-06-11T16:39:00.258Z"}
{"level":"info","message":"Session table checked/initialized successfully","timestamp":"2025-06-11T16:39:00.419Z"}
{"level":"info","message":"Admin user(s) already exist, skipping default admin creation.","timestamp":"2025-06-11T16:39:00.472Z"}
{"level":"info","message":"Server running on port 3000","timestamp":"2025-06-11T16:39:00.594Z"}
{"level":"info","message":"Database connected successfully","timestamp":"2025-06-11T18:16:46.961Z"}
{"level":"info","message":"Session table checked/initialized successfully","timestamp":"2025-06-11T18:16:47.010Z"}
{"level":"info","message":"Admin user(s) already exist, skipping default admin creation.","timestamp":"2025-06-11T18:16:47.036Z"}
{"level":"info","message":"Server running on port 3000","timestamp":"2025-06-11T18:16:47.098Z"}
{"level":"info","message":"Database connected successfully","timestamp":"2025-06-11T19:14:13.645Z"}
{"level":"info","message":"Session table checked/initialized successfully","timestamp":"2025-06-11T19:14:13.659Z"}
{"level":"info","message":"Admin user(s) already exist, skipping default admin creation.","timestamp":"2025-06-11T19:14:13.669Z"}
{"level":"info","message":"Server running on port 3000","timestamp":"2025-06-11T19:14:13.721Z"}
{"level":"info","message":"Session table checked/initialized successfully","timestamp":"2025-06-11T19:17:25.902Z"}
{"level":"info","message":"Admin user(s) already exist, skipping default admin creation.","timestamp":"2025-06-11T19:17:25.914Z"}
{"level":"info","message":"Server running on port 3000","timestamp":"2025-06-11T19:17:25.950Z"}
{"level":"info","message":"Database connected successfully","timestamp":"2025-06-11T19:17:25.984Z"}
{"level":"info","message":"Database connected successfully","timestamp":"2025-06-11T19:23:04.157Z"}
{"level":"info","message":"Session table checked/initialized successfully","timestamp":"2025-06-11T19:23:04.176Z"}
{"level":"info","message":"Admin user(s) already exist, skipping default admin creation.","timestamp":"2025-06-11T19:23:04.191Z"}
{"level":"info","message":"Server running on port 3000","timestamp":"2025-06-11T19:23:04.230Z"}
{"level":"info","message":"Database connected successfully","timestamp":"2025-06-11T19:59:27.197Z"}
{"level":"info","message":"Session table checked/initialized successfully","timestamp":"2025-06-11T19:59:27.228Z"}
{"level":"info","message":"Admin user(s) already exist, skipping default admin creation.","timestamp":"2025-06-11T19:59:27.242Z"}
{"level":"info","message":"Server running on port 3000","timestamp":"2025-06-11T19:59:27.281Z"}
{"level":"info","message":"Database connected successfully","timestamp":"2025-06-11T20:45:19.567Z"}
{"level":"info","message":"Session table checked/initialized successfully","timestamp":"2025-06-11T20:45:19.606Z"}
{"level":"info","message":"Admin user(s) already exist, skipping default admin creation.","timestamp":"2025-06-11T20:45:19.620Z"}
{"level":"info","message":"Server running on port 3000","timestamp":"2025-06-11T20:45:19.707Z"}
{"level":"info","message":"Database connected successfully","timestamp":"2025-06-11T22:16:12.147Z"}
{"level":"info","message":"Session table checked/initialized successfully","timestamp":"2025-06-11T22:16:12.188Z"}
{"level":"info","message":"Admin user(s) already exist, skipping default admin creation.","timestamp":"2025-06-11T22:16:12.209Z"}
{"level":"info","message":"Server running on port 3000","timestamp":"2025-06-11T22:16:12.281Z"}
{"level":"info","message":"Database connected successfully","timestamp":"2025-06-12T04:02:36.235Z"}
{"level":"info","message":"Session table checked/initialized successfully","timestamp":"2025-06-12T04:02:36.322Z"}
{"level":"info","message":"Admin user(s) already exist, skipping default admin creation.","timestamp":"2025-06-12T04:02:36.357Z"}
{"level":"info","message":"Server running on port 3000","timestamp":"2025-06-12T04:02:36.446Z"}
{"level":"info","message":"Database connected successfully","timestamp":"2025-06-12T04:28:38.476Z"}
{"level":"info","message":"Session table checked/initialized successfully","timestamp":"2025-06-12T04:28:38.513Z"}
{"level":"info","message":"Admin user(s) already exist, skipping default admin creation.","timestamp":"2025-06-12T04:28:38.535Z"}
{"level":"info","message":"Server running on port 3000","timestamp":"2025-06-12T04:28:38.625Z"}
{"level":"info","message":"Database connected successfully","timestamp":"2025-06-12T04:50:32.102Z"}
{"level":"info","message":"Session table checked/initialized successfully","timestamp":"2025-06-12T04:50:32.125Z"}
{"level":"info","message":"Admin user(s) already exist, skipping default admin creation.","timestamp":"2025-06-12T04:50:32.139Z"}
{"level":"info","message":"Server running on port 3000","timestamp":"2025-06-12T04:50:32.178Z"}
{"level":"info","message":"Database connected successfully","timestamp":"2025-06-12T04:50:37.222Z"}
{"level":"info","message":"Session table checked/initialized successfully","timestamp":"2025-06-12T04:50:37.241Z"}
{"level":"info","message":"Admin user(s) already exist, skipping default admin creation.","timestamp":"2025-06-12T04:50:37.250Z"}
{"level":"info","message":"Server running on port 3000","timestamp":"2025-06-12T04:50:37.291Z"}
{"level":"error","message":"Unhandled error: Not allowed by CORS","method":"GET","path":"/api/auth/status","stack":"Error: Not allowed by CORS\n    at origin (D:\\WebDevelopment\\UdaanLibrary\\Backend\\server.js:43:16)\n    at D:\\WebDevelopment\\UdaanLibrary\\Backend\\node_modules\\cors\\lib\\index.js:219:13\n    at optionsCallback (D:\\WebDevelopment\\UdaanLibrary\\Backend\\node_modules\\cors\\lib\\index.js:199:9)\n    at corsMiddleware (D:\\WebDevelopment\\UdaanLibrary\\Backend\\node_modules\\cors\\lib\\index.js:204:7)\n    at Layer.handle [as handle_request] (D:\\WebDevelopment\\UdaanLibrary\\Backend\\node_modules\\express\\lib\\router\\layer.js:95:5)\n    at trim_prefix (D:\\WebDevelopment\\UdaanLibrary\\Backend\\node_modules\\express\\lib\\router\\index.js:328:13)\n    at D:\\WebDevelopment\\UdaanLibrary\\Backend\\node_modules\\express\\lib\\router\\index.js:286:9\n    at Function.process_params (D:\\WebDevelopment\\UdaanLibrary\\Backend\\node_modules\\express\\lib\\router\\index.js:346:12)\n    at next (D:\\WebDevelopment\\UdaanLibrary\\Backend\\node_modules\\express\\lib\\router\\index.js:280:10)\n    at expressInit (D:\\WebDevelopment\\UdaanLibrary\\Backend\\node_modules\\express\\lib\\middleware\\init.js:40:5)","timestamp":"2025-06-12T04:51:06.231Z"}
{"level":"error","message":"Unhandled error: Not allowed by CORS","method":"OPTIONS","path":"/api/auth/login","stack":"Error: Not allowed by CORS\n    at origin (D:\\WebDevelopment\\UdaanLibrary\\Backend\\server.js:43:16)\n    at D:\\WebDevelopment\\UdaanLibrary\\Backend\\node_modules\\cors\\lib\\index.js:219:13\n    at optionsCallback (D:\\WebDevelopment\\UdaanLibrary\\Backend\\node_modules\\cors\\lib\\index.js:199:9)\n    at corsMiddleware (D:\\WebDevelopment\\UdaanLibrary\\Backend\\node_modules\\cors\\lib\\index.js:204:7)\n    at Layer.handle [as handle_request] (D:\\WebDevelopment\\UdaanLibrary\\Backend\\node_modules\\express\\lib\\router\\layer.js:95:5)\n    at trim_prefix (D:\\WebDevelopment\\UdaanLibrary\\Backend\\node_modules\\express\\lib\\router\\index.js:328:13)\n    at D:\\WebDevelopment\\UdaanLibrary\\Backend\\node_modules\\express\\lib\\router\\index.js:286:9\n    at Function.process_params (D:\\WebDevelopment\\UdaanLibrary\\Backend\\node_modules\\express\\lib\\router\\index.js:346:12)\n    at next (D:\\WebDevelopment\\UdaanLibrary\\Backend\\node_modules\\express\\lib\\router\\index.js:280:10)\n    at expressInit (D:\\WebDevelopment\\UdaanLibrary\\Backend\\node_modules\\express\\lib\\middleware\\init.js:40:5)","timestamp":"2025-06-12T04:51:13.901Z"}
{"level":"info","message":"Database connected successfully","timestamp":"2025-06-12T11:27:52.480Z"}
{"level":"info","message":"Session table checked/initialized successfully","timestamp":"2025-06-12T11:27:52.674Z"}
{"level":"info","message":"Admin user(s) already exist, skipping default admin creation.","timestamp":"2025-06-12T11:27:52.724Z"}
{"level":"info","message":"Server running on port 3000","timestamp":"2025-06-12T11:27:52.859Z"}
{"level":"info","message":"Database connected successfully","timestamp":"2025-06-12T11:41:14.596Z"}
{"level":"info","message":"Session table checked/initialized successfully","timestamp":"2025-06-12T11:41:14.633Z"}
{"level":"info","message":"Admin user(s) already exist, skipping default admin creation.","timestamp":"2025-06-12T11:41:14.651Z"}
{"level":"info","message":"Server running on port 3000","timestamp":"2025-06-12T11:41:14.704Z"}
{"level":"info","message":"Database connected successfully","timestamp":"2025-06-12T11:55:25.820Z"}
{"level":"info","message":"Session table checked/initialized successfully","timestamp":"2025-06-12T11:55:25.873Z"}
{"level":"info","message":"Admin user(s) already exist, skipping default admin creation.","timestamp":"2025-06-12T11:55:25.895Z"}
{"level":"info","message":"Server running on port 3000","timestamp":"2025-06-12T11:55:25.952Z"}
{"level":"info","message":"Database connected successfully","timestamp":"2025-06-12T11:55:28.779Z"}
{"level":"info","message":"Session table checked/initialized successfully","timestamp":"2025-06-12T11:55:28.806Z"}
{"level":"info","message":"Admin user(s) already exist, skipping default admin creation.","timestamp":"2025-06-12T11:55:28.819Z"}
{"level":"info","message":"Server running on port 3000","timestamp":"2025-06-12T11:55:28.872Z"}
{"level":"info","message":"Database connected successfully","timestamp":"2025-06-12T12:49:10.374Z"}
{"level":"info","message":"Session table checked/initialized successfully","timestamp":"2025-06-12T12:49:10.408Z"}
{"level":"info","message":"Admin user(s) already exist, skipping default admin creation.","timestamp":"2025-06-12T12:49:10.423Z"}
{"level":"info","message":"Server running on port 3000","timestamp":"2025-06-12T12:49:10.474Z"}
{"level":"info","message":"Database connected successfully","timestamp":"2025-06-12T13:00:26.246Z"}
{"level":"info","message":"Session table checked/initialized successfully","timestamp":"2025-06-12T13:00:26.269Z"}
{"level":"info","message":"Admin user(s) already exist, skipping default admin creation.","timestamp":"2025-06-12T13:00:26.282Z"}
{"level":"info","message":"Server running on port 3000","timestamp":"2025-06-12T13:00:26.333Z"}
{"level":"info","message":"Database connected successfully","timestamp":"2025-06-13T02:20:54.692Z"}
{"level":"info","message":"Session table checked/initialized successfully","timestamp":"2025-06-13T02:20:54.785Z"}
{"level":"info","message":"Admin user(s) already exist, skipping default admin creation.","timestamp":"2025-06-13T02:20:54.823Z"}
{"level":"info","message":"Server running on port 3000","timestamp":"2025-06-13T02:20:54.874Z"}
{"level":"info","message":"Session table checked/initialized successfully","timestamp":"2025-06-13T04:55:17.918Z"}
{"level":"info","message":"Admin user(s) already exist, skipping default admin creation.","timestamp":"2025-06-13T04:55:17.939Z"}
{"level":"info","message":"Server running on port 3000","timestamp":"2025-06-13T04:55:18.018Z"}
{"level":"info","message":"Database connected successfully","timestamp":"2025-06-13T04:55:18.028Z"}
{"level":"info","message":"Database connected successfully","timestamp":"2025-06-13T04:57:42.982Z"}
{"level":"info","message":"Session table checked/initialized successfully","timestamp":"2025-06-13T04:57:43.079Z"}
{"level":"info","message":"Admin user(s) already exist, skipping default admin creation.","timestamp":"2025-06-13T04:57:43.133Z"}
{"level":"info","message":"Server running on port 3000","timestamp":"2025-06-13T04:57:43.243Z"}
{"level":"info","message":"Database connected successfully","timestamp":"2025-06-13T05:13:36.840Z"}
{"level":"info","message":"Session table checked/initialized successfully","timestamp":"2025-06-13T05:13:36.856Z"}
{"level":"info","message":"Admin user(s) already exist, skipping default admin creation.","timestamp":"2025-06-13T05:13:36.869Z"}
{"level":"info","message":"Server running on port 3000","timestamp":"2025-06-13T05:13:36.909Z"}
{"level":"info","message":"Database connected successfully","timestamp":"2025-06-13T05:14:12.444Z"}
{"level":"info","message":"Session table checked/initialized successfully","timestamp":"2025-06-13T05:14:12.468Z"}
{"level":"info","message":"Admin user(s) already exist, skipping default admin creation.","timestamp":"2025-06-13T05:14:12.481Z"}
{"level":"info","message":"Server running on port 3000","timestamp":"2025-06-13T05:14:12.525Z"}
{"level":"info","message":"Database connected successfully","timestamp":"2025-06-13T05:18:35.467Z"}
{"level":"info","message":"Session table checked/initialized successfully","timestamp":"2025-06-13T05:18:35.483Z"}
{"level":"info","message":"Admin user(s) already exist, skipping default admin creation.","timestamp":"2025-06-13T05:18:35.493Z"}
{"level":"info","message":"Server running on port 3000","timestamp":"2025-06-13T05:18:35.531Z"}
{"level":"info","message":"Database connected successfully","timestamp":"2025-06-13T05:30:26.101Z"}
{"level":"info","message":"Session table checked/initialized successfully","timestamp":"2025-06-13T05:30:26.137Z"}
{"level":"info","message":"Admin user(s) already exist, skipping default admin creation.","timestamp":"2025-06-13T05:30:26.158Z"}
{"level":"info","message":"Server running on port 3000","timestamp":"2025-06-13T05:30:26.255Z"}
{"level":"info","message":"Database connected successfully","timestamp":"2025-06-13T06:45:03.485Z"}
{"level":"info","message":"Session table checked/initialized successfully","timestamp":"2025-06-13T06:45:03.514Z"}
{"level":"info","message":"Admin user(s) already exist, skipping default admin creation.","timestamp":"2025-06-13T06:45:03.531Z"}
{"level":"info","message":"Server running on port 3000","timestamp":"2025-06-13T06:45:03.575Z"}
{"level":"info","message":"Database connected successfully","timestamp":"2025-06-13T10:08:14.312Z"}
{"level":"info","message":"Session table checked/initialized successfully","timestamp":"2025-06-13T10:08:14.426Z"}
{"level":"info","message":"Admin user(s) already exist, skipping default admin creation.","timestamp":"2025-06-13T10:08:14.468Z"}
{"level":"info","message":"Server running on port 3000","timestamp":"2025-06-13T10:08:14.601Z"}
{"level":"info","message":"Session table checked/initialized successfully","timestamp":"2025-06-13T10:31:45.619Z"}
{"level":"info","message":"Admin user(s) already exist, skipping default admin creation.","timestamp":"2025-06-13T10:31:45.636Z"}
{"level":"info","message":"Server running on port 3000","timestamp":"2025-06-13T10:31:45.683Z"}
{"level":"info","message":"Database connected successfully","timestamp":"2025-06-13T10:31:45.697Z"}
{"level":"info","message":"Session table checked/initialized successfully","timestamp":"2025-06-13T11:17:48.067Z"}
{"level":"info","message":"Database connected successfully","timestamp":"2025-06-13T11:17:48.080Z"}
{"level":"info","message":"Admin user(s) already exist, skipping default admin creation.","timestamp":"2025-06-13T11:17:48.100Z"}
{"level":"info","message":"Server running on port 3000","timestamp":"2025-06-13T11:17:48.181Z"}
{"level":"info","message":"Database connected successfully","timestamp":"2025-06-15T11:07:29.405Z"}
{"level":"info","message":"Session table checked/initialized successfully","timestamp":"2025-06-15T11:07:29.508Z"}
{"level":"info","message":"Admin user(s) already exist, skipping default admin creation.","timestamp":"2025-06-15T11:07:29.516Z"}
{"level":"info","message":"Server running on port 3000","timestamp":"2025-06-15T11:07:29.546Z"}
{"level":"info","message":"Database connected successfully","timestamp":"2025-06-15T11:10:53.543Z"}
{"level":"info","message":"Session table checked/initialized successfully","timestamp":"2025-06-15T11:10:53.556Z"}
{"level":"info","message":"Admin user(s) already exist, skipping default admin creation.","timestamp":"2025-06-15T11:10:53.564Z"}
{"level":"info","message":"Server running on port 3000","timestamp":"2025-06-15T11:10:53.592Z"}
{"level":"info","message":"Database connected successfully","timestamp":"2025-06-15T11:10:59.708Z"}
{"level":"info","message":"Session table checked/initialized successfully","timestamp":"2025-06-15T11:10:59.727Z"}
{"level":"info","message":"Admin user(s) already exist, skipping default admin creation.","timestamp":"2025-06-15T11:10:59.735Z"}
{"level":"info","message":"Server running on port 3000","timestamp":"2025-06-15T11:10:59.770Z"}
